22474 [main] INFO  com.telran.tests.TestBase - Test start clickMeTest with data: []
22516 [main] INFO  com.telran.tests.utils.MyListener - Start search By.xpath: //*[@class='category-cards']/*[1]
22536 [main] INFO  com.telran.tests.utils.MyListener - By.xpath: //*[@class='category-cards']/*[1] was found.
22642 [main] INFO  com.telran.tests.utils.MyListener - Start search By.xpath: //*[text()='Buttons']
22662 [main] INFO  com.telran.tests.utils.MyListener - By.xpath: //*[text()='Buttons'] was found.
22703 [main] INFO  com.telran.tests.utils.MyListener - Start search By.xpath: //*[text()='Click M']
32732 [main] INFO  com.telran.tests.utils.MyListener - We have a throwable --> no such element: Unable to locate element: {"method":"xpath","selector":"//*[text()='Click M']"}
  (Session info: chrome=107.0.5304.88)
For documentation on this error, please visit: https://www.seleniumhq.org/exceptions/no_such_element.html
Build info: version: '3.141.59', revision: 'e82be7d358', time: '2018-11-14T08:17:03'
System info: host: 'LAPTOP-ES9UA65O', ip: '192.168.2.32', os.name: 'Windows 10', os.arch: 'amd64', os.version: '10.0', java.version: '11.0.14'
Driver info: org.openqa.selenium.chrome.ChromeDriver
Capabilities {acceptInsecureCerts: false, browserName: chrome, browserVersion: 107.0.5304.88, chrome: {chromedriverVersion: 107.0.5304.62 (1eec40d3a576..., userDataDir: C:\Users\49160\AppData\Loca...}, goog:chromeOptions: {debuggerAddress: localhost:55557}, javascriptEnabled: true, networkConnectionEnabled: false, pageLoadStrategy: normal, platform: WINDOWS, platformName: WINDOWS, proxy: Proxy(), setWindowRect: true, strictFileInteractability: false, timeouts: {implicit: 0, pageLoad: 300000, script: 30000}, unhandledPromptBehavior: dismiss and notify, webauthn:extension:credBlob: true, webauthn:extension:largeBlob: true, webauthn:virtualAuthenticators: true}
Session ID: 33c8b8af23d942c577c161d797af9ae1
*** Element info: {Using=xpath, value=//*[text()='Click M']}
32732 [main] INFO  com.telran.tests.utils.MyListener - We have a throwable --> no such element: Unable to locate element: {"method":"xpath","selector":"//*[text()='Click M']"}
  (Session info: chrome=107.0.5304.88)
For documentation on this error, please visit: https://www.seleniumhq.org/exceptions/no_such_element.html
Build info: version: '3.141.59', revision: 'e82be7d358', time: '2018-11-14T08:17:03'
System info: host: 'LAPTOP-ES9UA65O', ip: '192.168.2.32', os.name: 'Windows 10', os.arch: 'amd64', os.version: '10.0', java.version: '11.0.14'
Driver info: org.openqa.selenium.chrome.ChromeDriver
Capabilities {acceptInsecureCerts: false, browserName: chrome, browserVersion: 107.0.5304.88, chrome: {chromedriverVersion: 107.0.5304.62 (1eec40d3a576..., userDataDir: C:\Users\49160\AppData\Loca...}, goog:chromeOptions: {debuggerAddress: localhost:55557}, javascriptEnabled: true, networkConnectionEnabled: false, pageLoadStrategy: normal, platform: WINDOWS, platformName: WINDOWS, proxy: Proxy(), setWindowRect: true, strictFileInteractability: false, timeouts: {implicit: 0, pageLoad: 300000, script: 30000}, unhandledPromptBehavior: dismiss and notify, webauthn:extension:credBlob: true, webauthn:extension:largeBlob: true, webauthn:virtualAuthenticators: true}
Session ID: 33c8b8af23d942c577c161d797af9ae1
*** Element info: {Using=xpath, value=//*[text()='Click M']}
32732 [main] INFO  com.telran.tests.utils.MyListener - We have a throwable --> org.openqa.selenium.NoSuchElementException: no such element: Unable to locate element: {"method":"xpath","selector":"//*[text()='Click M']"}
  (Session info: chrome=107.0.5304.88)
For documentation on this error, please visit: https://www.seleniumhq.org/exceptions/no_such_element.html
Build info: version: '3.141.59', revision: 'e82be7d358', time: '2018-11-14T08:17:03'
System info: host: 'LAPTOP-ES9UA65O', ip: '192.168.2.32', os.name: 'Windows 10', os.arch: 'amd64', os.version: '10.0', java.version: '11.0.14'
Driver info: org.openqa.selenium.chrome.ChromeDriver
Capabilities {acceptInsecureCerts: false, browserName: chrome, browserVersion: 107.0.5304.88, chrome: {chromedriverVersion: 107.0.5304.62 (1eec40d3a576..., userDataDir: C:\Users\49160\AppData\Loca...}, goog:chromeOptions: {debuggerAddress: localhost:55557}, javascriptEnabled: true, networkConnectionEnabled: false, pageLoadStrategy: normal, platform: WINDOWS, platformName: WINDOWS, proxy: Proxy(), setWindowRect: true, strictFileInteractability: false, timeouts: {implicit: 0, pageLoad: 300000, script: 30000}, unhandledPromptBehavior: dismiss and notify, webauthn:extension:credBlob: true, webauthn:extension:largeBlob: true, webauthn:virtualAuthenticators: true}
Session ID: 33c8b8af23d942c577c161d797af9ae1
*** Element info: {Using=xpath, value=//*[text()='Click M']}
33017 [main] INFO  com.telran.tests.utils.MyListener - This is link with error /screenshots/screen917.png
33017 [main] INFO  com.telran.tests.TestBase - FAILED:  test method clickMeTest
